2018-06-11 13:47:15,432 - INFO - Starting to fingerprint
2018-06-11 13:47:15,917 - ERROR - Unordered 5b0aeb5c612928736877dd9c
2018-06-11 13:47:15,920 - ERROR - Unordered 5b0aeb5c612928736877dd9d
2018-06-11 13:47:15,924 - ERROR - Unordered 5b0aeb5c612928736877dd9e
2018-06-11 13:47:15,928 - ERROR - Unordered 5b0aeb5c612928736877dd9f
2018-06-11 13:47:15,931 - ERROR - Unordered 5b0aeb5c612928736877dda0
2018-06-11 13:47:15,936 - ERROR - Unordered 5b0aeb5c612928736877dda1
2018-06-11 13:47:15,945 - ERROR - Unordered 5b0aeb5c612928736877dda2
2018-06-11 13:47:15,947 - ERROR - Unordered 5b0aeb5c612928736877dda3
2018-06-11 13:47:15,951 - ERROR - Unordered 5b0aeb5c612928736877dda4
2018-06-11 13:47:15,954 - INFO - 10 documents collected
2018-06-11 13:47:15,957 - ERROR - Unordered 5b0aeb5c612928736877dda8
2018-06-11 13:47:15,960 - ERROR - Unordered 5b0aeb5c612928736877dda9
2018-06-11 13:47:15,963 - ERROR - Too large, 72 atoms 5b0aeb5c612928736877ddaa
2018-06-11 13:47:15,966 - ERROR - Too large, 72 atoms 5b0aeb5c612928736877ddab
2018-06-11 13:47:15,971 - ERROR - Too large, 88 atoms 5b0aeb5c612928736877ddad
2018-06-11 13:47:15,979 - ERROR - Unordered 5b0aeb5c612928736877ddaf
2018-06-11 13:47:15,980 - ERROR - Unordered 5b0aeb5c612928736877ddb0
2018-06-11 13:47:15,981 - ERROR - Unordered 5b0aeb5c612928736877ddb1
2018-06-11 13:47:15,984 - ERROR - Too large, 68 atoms 5b0aeb5c612928736877ddb2
2018-06-11 13:47:15,986 - ERROR - Too large, 68 atoms 5b0aeb5c612928736877ddb3
2018-06-11 13:47:15,990 - ERROR - Unordered 5b0aeb5c612928736877ddb4
2018-06-11 13:47:15,993 - ERROR - Too large, 68 atoms 5b0aeb5c612928736877ddb5
2018-06-11 13:47:16,002 - ERROR - Unordered 5b0aeb5c612928736877ddb6
2018-06-11 13:47:16,010 - ERROR - Unordered 5b0aeb5c612928736877ddb7
2018-06-11 13:47:16,012 - ERROR - Unordered 5b0aeb5c612928736877ddb8
2018-06-11 13:47:16,013 - ERROR - Unordered 5b0aeb5c612928736877ddb9
2018-06-11 13:47:16,018 - ERROR - Unordered 5b0aeb5c612928736877ddba
2018-06-11 13:47:16,025 - ERROR - Too large, 186 atoms 5b0aeb5c612928736877ddbb
2018-06-11 13:47:16,029 - ERROR - Too large, 84 atoms 5b0aeb5c612928736877ddbc
2018-06-11 13:47:16,030 - ERROR - Unordered 5b0aeb5c612928736877ddbd
2018-06-11 13:47:16,033 - ERROR - Too large, 80 atoms 5b0aeb5c612928736877ddbe
2018-06-11 13:47:16,037 - ERROR - Unordered 5b0aeb5c612928736877ddc2
2018-06-11 13:47:16,040 - ERROR - Unordered 5b0aeb5c612928736877ddc3
2018-06-11 13:47:16,088 - ERROR - Unordered 5b0aeb5c612928736877ddc4
2018-06-11 13:47:16,108 - ERROR - Unordered 5b0aeb5c612928736877ddc5
2018-06-11 13:47:16,140 - ERROR - Unordered 5b0aeb5c612928736877ddc6
2018-06-11 13:47:16,145 - ERROR - Unordered 5b0aeb5c612928736877ddc7
2018-06-11 13:47:16,182 - ERROR - Unordered 5b0aeb5c612928736877ddc8
2018-06-11 13:47:16,194 - ERROR - Too large, 176 atoms 5b0aeb5c612928736877ddc9
2018-06-11 13:47:16,272 - ERROR - Unordered 5b0aeb5c612928736877ddca
2018-06-11 13:47:16,280 - ERROR - Unordered 5b0aeb5c612928736877ddcb
2018-06-11 13:47:16,288 - ERROR - Unordered 5b0aeb5c612928736877ddcc
2018-06-11 13:47:16,290 - ERROR - Unordered 5b0aeb5c612928736877ddcd
2018-06-11 13:47:16,294 - INFO - 20 documents collected
2018-06-11 13:47:16,297 - ERROR - Unordered 5b0aeb5c612928736877ddd3
2018-06-11 13:47:16,303 - ERROR - Unordered 5b0aeb5c612928736877ddd4
2018-06-11 13:47:16,308 - ERROR - Unordered 5b0aeb5c612928736877ddd6
2018-06-11 13:47:16,311 - ERROR - Unordered 5b0aeb5c612928736877ddd7
2018-06-11 13:47:16,312 - ERROR - Unordered 5b0aeb5c612928736877ddd8
2018-06-11 13:47:16,313 - ERROR - Unordered 5b0aeb5c612928736877ddd9
2018-06-11 13:47:16,321 - ERROR - Unordered 5b0aeb5c612928736877dddf
2018-06-11 13:47:16,324 - ERROR - Too large, 84 atoms 5b0aeb5c612928736877dde0
2018-06-11 13:47:16,329 - ERROR - Too large, 72 atoms 5b0aeb5c612928736877dde2
2018-06-11 13:47:16,335 - ERROR - Too large, 84 atoms 5b0aeb5c612928736877dde4
2018-06-11 13:47:16,339 - ERROR - Too large, 84 atoms 5b0aeb5c612928736877dde5
2018-06-11 13:47:16,342 - ERROR - Too large, 84 atoms 5b0aeb5c612928736877dde6
2018-06-11 13:47:16,346 - ERROR - Too large, 84 atoms 5b0aeb5c612928736877dde7
2018-06-11 13:47:16,347 - INFO - 30 documents collected
2018-06-11 13:47:16,351 - ERROR - Too large, 64 atoms 5b0aeb5c612928736877ddea
2018-06-11 13:47:16,356 - ERROR - Unordered 5b0aeb5c612928736877dded
2018-06-11 13:47:16,359 - ERROR - Too large, 70 atoms 5b0aeb5c612928736877ddee
2018-06-11 13:47:16,360 - ERROR - Unordered 5b0aeb5c612928736877ddef
2018-06-11 13:47:16,360 - ERROR - Unordered 5b0aeb5c612928736877ddf0
2018-06-11 13:47:16,366 - INFO - 40 documents collected
2018-06-11 13:47:16,371 - ERROR - Too large, 136 atoms 5b0aeb5c612928736877ddf8
2018-06-11 13:47:16,371 - INFO - 40 documents collected
2018-06-11 13:47:18,232 - ERROR - Too large, 136 atoms 5b0aeb5c612928736877ddf9
2018-06-11 13:47:18,232 - INFO - 40 documents collected
2018-06-11 13:47:18,261 - ERROR - Too large, 612 atoms 5b0aeb5c612928736877ddfa
2018-06-11 13:47:18,261 - INFO - 40 documents collected
2018-06-11 13:47:18,275 - ERROR - Unordered 5b0aeb5c612928736877ddfb
2018-06-11 13:47:18,275 - INFO - 40 documents collected
2018-06-11 13:47:18,284 - ERROR - Unordered 5b0aeb5c612928736877ddfc
2018-06-11 13:47:18,284 - INFO - 40 documents collected
2018-06-11 13:47:18,291 - ERROR - Too large, 156 atoms 5b0aeb5c612928736877ddfd
2018-06-11 13:47:18,291 - INFO - 40 documents collected
2018-06-11 13:47:18,301 - ERROR - Unordered 5b0aeb5c612928736877ddfe
2018-06-11 13:47:18,301 - INFO - 40 documents collected
2018-06-11 13:47:18,310 - ERROR - Unordered 5b0aeb5c612928736877de06
2018-06-11 13:47:18,314 - ERROR - Too large, 80 atoms 5b0aeb5c612928736877de08
2018-06-11 13:47:18,317 - ERROR - Unordered 5b0aeb5c612928736877de09
2018-06-11 13:47:18,320 - ERROR - Unordered 5b0aeb5c612928736877de0a
2018-06-11 13:47:18,324 - ERROR - Too large, 80 atoms 5b0aeb5c612928736877de0b
2018-06-11 13:47:18,326 - ERROR - Unordered 5b0aeb5c612928736877de0c
2018-06-11 13:47:18,328 - ERROR - Unordered 5b0aeb5c612928736877de0d
2018-06-11 13:47:18,360 - ERROR - Unordered 5b0aeb5c612928736877de0e
2018-06-11 13:47:18,363 - ERROR - Unordered 5b0aeb5c612928736877de0f
2018-06-11 13:47:18,365 - ERROR - Unordered 5b0aeb5c612928736877de10
2018-06-11 13:47:18,368 - ERROR - Too large, 76 atoms 5b0aeb5c612928736877de11
2018-06-11 13:47:18,371 - ERROR - Unordered 5b0aeb5c612928736877de12
2018-06-11 13:47:18,373 - ERROR - Unordered 5b0aeb5c612928736877de13
2018-06-11 13:47:18,376 - ERROR - Unordered 5b0aeb5c612928736877de15
2018-06-11 13:47:18,377 - INFO - 50 documents collected
2018-06-11 13:47:18,379 - ERROR - Unordered 5b0aeb5c612928736877de17
2018-06-11 13:47:18,379 - INFO - 50 documents collected
2018-06-11 13:47:18,381 - ERROR - Unordered 5b0aeb5c612928736877de18
2018-06-11 13:47:18,381 - INFO - 50 documents collected
2018-06-11 13:47:18,386 - ERROR - Too large, 88 atoms 5b0aeb5c612928736877de1a
2018-06-11 13:47:18,387 - ERROR - Unordered 5b0aeb5c612928736877de1b
2018-06-11 13:47:18,397 - ERROR - Too large, 184 atoms 5b0aeb5c612928736877de21
2018-06-11 13:47:18,397 - ERROR - Unordered 5b0aeb5c612928736877de22
2018-06-11 13:47:18,419 - ERROR - Too large, 486 atoms 5b0aeb5c612928736877de25
2018-06-11 13:47:18,444 - ERROR - Too large, 548 atoms 5b0aeb5c612928736877de27
2018-06-11 13:47:18,461 - ERROR - Too large, 320 atoms 5b0aeb5c612928736877de28
2018-06-11 13:47:18,464 - ERROR - Unordered 5b0aeb5c612928736877de29
2018-06-11 13:47:18,465 - ERROR - Unordered 5b0aeb5c612928736877de2a
2018-06-11 13:47:18,468 - ERROR - Unordered 5b0aeb5c612928736877de2b
2018-06-11 13:47:18,469 - ERROR - Unordered 5b0aeb5c612928736877de2c
2018-06-11 13:47:18,470 - ERROR - Unordered 5b0aeb5c612928736877de2d
2018-06-11 13:47:18,471 - ERROR - Unordered 5b0aeb5c612928736877de2e
2018-06-11 13:47:18,472 - INFO - 60 documents collected
2018-06-11 13:47:18,472 - ERROR - Unordered 5b0aeb5c612928736877de30
2018-06-11 13:47:18,472 - INFO - 60 documents collected
2018-06-11 13:47:18,473 - ERROR - Unordered 5b0aeb5c612928736877de31
2018-06-11 13:47:18,473 - INFO - 60 documents collected
2018-06-11 13:47:18,475 - ERROR - Unordered 5b0aeb5c612928736877de32
2018-06-11 13:47:18,475 - INFO - 60 documents collected
2018-06-11 13:47:18,482 - ERROR - Too large, 138 atoms 5b0aeb5c612928736877de33
2018-06-11 13:47:18,482 - INFO - 60 documents collected
2018-06-11 13:47:18,494 - ERROR - Unordered 5b0aeb5c612928736877de34
2018-06-11 13:47:18,494 - INFO - 60 documents collected
2018-06-11 13:47:18,515 - ERROR - Too large, 472 atoms 5b0aeb5c612928736877de36
2018-06-11 13:47:18,517 - ERROR - Unordered 5b0aeb5c612928736877de37
2018-06-11 13:47:18,521 - ERROR - Too large, 72 atoms 5b0aeb5c612928736877de39
2018-06-11 13:47:18,546 - ERROR - Unordered 5b0aeb5c612928736877de3a
2018-06-11 13:47:18,551 - ERROR - Unordered 5b0aeb5c612928736877de3b
2018-06-11 13:47:18,556 - ERROR - Unordered 5b0aeb5c612928736877de3c
2018-06-11 13:47:18,557 - ERROR - Unordered 5b0aeb5c612928736877de3d
2018-06-11 13:47:18,564 - ERROR - Unordered 5b0aeb5c612928736877de43
2018-06-11 13:47:18,565 - ERROR - Unordered 5b0aeb5c612928736877de44
2018-06-11 13:47:18,577 - ERROR - Unordered 5b0aeb5c612928736877de46
2018-06-11 13:47:18,581 - INFO - 70 documents collected
2018-06-11 13:47:18,584 - ERROR - Unordered 5b0aeb5c612928736877de49
2018-06-11 13:47:18,584 - INFO - 70 documents collected
2018-06-11 13:47:18,589 - ERROR - Too large, 116 atoms 5b0aeb5c612928736877de4a
2018-06-11 13:47:18,589 - INFO - 70 documents collected
2018-06-11 13:47:18,590 - ERROR - Unordered 5b0aeb5c612928736877de4b
2018-06-11 13:47:18,590 - INFO - 70 documents collected
2018-06-11 13:47:18,591 - ERROR - Unordered 5b0aeb5c612928736877de4c
2018-06-11 13:47:18,591 - INFO - 70 documents collected
2018-06-11 13:47:18,592 - ERROR - Unordered 5b0aeb5c612928736877de4d
2018-06-11 13:47:18,592 - INFO - 70 documents collected
2018-06-11 13:47:18,593 - ERROR - Unordered 5b0aeb5c612928736877de4e
2018-06-11 13:47:18,593 - INFO - 70 documents collected
2018-06-11 13:47:18,593 - ERROR - Unordered 5b0aeb5c612928736877de4f
2018-06-11 13:47:18,593 - INFO - 70 documents collected
2018-06-11 13:47:18,597 - ERROR - Unordered 5b0aeb5c612928736877de50
2018-06-11 13:47:18,597 - INFO - 70 documents collected
2018-06-11 13:47:18,598 - ERROR - Unordered 5b0aeb5c612928736877de51
2018-06-11 13:47:18,598 - INFO - 70 documents collected
2018-06-11 13:47:18,599 - ERROR - Unordered 5b0aeb5c612928736877de52
2018-06-11 13:47:18,599 - INFO - 70 documents collected
2018-06-11 13:47:18,602 - ERROR - Unordered 5b0aeb5c612928736877de53
2018-06-11 13:47:18,602 - INFO - 70 documents collected
2018-06-11 13:47:18,605 - ERROR - Unordered 5b0aeb5c612928736877de55
2018-06-11 13:47:18,610 - ERROR - Unordered 5b0aeb5c612928736877de56
2018-06-11 13:47:18,617 - ERROR - Too large, 164 atoms 5b0aeb5c612928736877de57
2018-06-11 13:47:18,623 - ERROR - Too large, 164 atoms 5b0aeb5c612928736877de58
2018-06-11 13:47:18,632 - ERROR - Unordered 5b0aeb5c612928736877de5d
2018-06-11 13:47:18,636 - ERROR - Too large, 72 atoms 5b0aeb5c612928736877de5f
2018-06-11 13:47:18,637 - INFO - 80 documents collected
2018-06-11 13:47:18,640 - ERROR - Unordered 5b0aeb5c612928736877de68
2018-06-11 13:47:18,647 - ERROR - Unordered 5b0aeb5c612928736877de69
2018-06-11 13:47:18,653 - ERROR - Too large, 116 atoms 5b0aeb5c612928736877de6a
2018-06-11 13:47:18,655 - ERROR - Unordered 5b0aeb5c612928736877de6c
2018-06-11 13:47:18,659 - ERROR - Unordered 5b0aeb5c612928736877de6d
2018-06-11 13:47:18,665 - ERROR - Too large, 76 atoms 5b0aeb5c612928736877de70
2018-06-11 13:47:18,668 - ERROR - Too large, 76 atoms 5b0aeb5c612928736877de71
2018-06-11 13:47:18,671 - ERROR - Too large, 76 atoms 5b0aeb5c612928736877de72
2018-06-11 13:47:18,675 - ERROR - Unordered 5b0aeb5c612928736877de73
2018-06-11 13:47:18,679 - ERROR - Unordered 5b0aeb5c612928736877de76
2018-06-11 13:47:18,680 - INFO - 90 documents collected
2018-06-11 13:47:18,683 - ERROR - Unordered 5b0aeb5c612928736877de79
2018-06-11 13:47:18,686 - ERROR - Unordered 5b0aeb5c612928736877de7a
2018-06-11 13:47:18,688 - ERROR - Unordered 5b0aeb5c612928736877de7b
2018-06-11 13:47:18,691 - ERROR - Unordered 5b0aeb5c612928736877de7c
2018-06-11 13:47:18,694 - ERROR - Unordered 5b0aeb5c612928736877de7d
2018-06-11 13:47:18,697 - ERROR - Unordered 5b0aeb5c612928736877de7e
2018-06-11 13:47:18,700 - ERROR - Unordered 5b0aeb5c612928736877de7f
2018-06-11 13:47:18,703 - ERROR - Unordered 5b0aeb5c612928736877de80
2018-06-11 13:47:18,706 - ERROR - Unordered 5b0aeb5c612928736877de81
2018-06-11 13:47:18,709 - ERROR - Unordered 5b0aeb5c612928736877de82
2018-06-11 13:47:18,711 - ERROR - Unordered 5b0aeb5c612928736877de83
2018-06-11 13:47:18,714 - ERROR - Unordered 5b0aeb5c612928736877de84
2018-06-11 13:47:18,719 - ERROR - Too large, 100 atoms 5b0aeb5c612928736877de86
2018-06-11 13:47:18,726 - ERROR - Too large, 142 atoms 5b0aeb5c612928736877de87
2018-06-11 13:47:18,728 - ERROR - Unordered 5b0aeb5c612928736877de89
2018-06-11 13:47:18,729 - ERROR - Unordered 5b0aeb5c612928736877de8b
2018-06-11 13:47:18,730 - ERROR - Unordered 5b0aeb5c612928736877de8c
2018-06-11 13:47:18,731 - ERROR - Unordered 5b0aeb5c612928736877de8d
2018-06-11 13:47:18,732 - ERROR - Unordered 5b0aeb5c612928736877de8e
2018-06-11 13:47:18,734 - ERROR - Unordered 5b0aeb5c612928736877de90
2018-06-11 13:47:18,741 - ERROR - Unordered 5b0aeb5c612928736877de93
2018-06-11 13:47:18,744 - ERROR - Unordered 5b0aeb5c612928736877de94
2018-06-11 13:47:18,748 - ERROR - Too large, 94 atoms 5b0aeb5c612928736877de95
2018-06-11 13:47:18,756 - ERROR - Unordered 5b0aeb5c612928736877de96
2018-06-11 13:47:18,764 - ERROR - Unordered 5b0aeb5c612928736877de97
2018-06-11 13:47:18,766 - ERROR - Unordered 5b0aeb5c612928736877de98
2018-06-11 13:47:18,769 - ERROR - Too large, 80 atoms 5b0aeb5c612928736877de99
2018-06-11 13:47:18,771 - INFO - 100 documents collected
2018-06-11 13:47:18,771 - INFO - Calculating STRUCTURE TIDY fingerprints
2018-06-11 13:47:22,516 - INFO - Adding fingerprints to documents
2018-06-11 13:47:22,516 - INFO - Inserting 100 documents into stidy
2018-06-11 13:47:22,931 - INFO - Inserted 100 documents
