/home/azadoks/miniconda3/envs/structure/lib/python3.6/site-packages/pymatgen/io/cif.py:44: UserWarning:

Please install optional dependency pybtex if youwant to extract references from CIF files.

/home/azadoks/miniconda3/envs/structure/lib/python3.6/site-packages/pymatgen/core/periodic_table.py:409: UserWarning:

No electronegativity for Ne. Setting to NaN. This has no physical meaning, and is mainly done to avoid errors caused by the code expecting a float.

/home/azadoks/miniconda3/envs/structure/lib/python3.6/site-packages/pymatgen/analysis/local_env.py:1002: RuntimeWarning:

divide by zero encountered in double_scalars

/home/azadoks/miniconda3/envs/structure/lib/python3.6/site-packages/pymatgen/analysis/local_env.py:1002: RuntimeWarning:

divide by zero encountered in double_scalars

/home/azadoks/miniconda3/envs/structure/lib/python3.6/site-packages/pymatgen/core/periodic_table.py:409: UserWarning:

No electronegativity for Ne. Setting to NaN. This has no physical meaning, and is mainly done to avoid errors caused by the code expecting a float.

/home/azadoks/miniconda3/envs/structure/lib/python3.6/site-packages/pymatgen/core/periodic_table.py:409: UserWarning:

No electronegativity for Ar. Setting to NaN. This has no physical meaning, and is mainly done to avoid errors caused by the code expecting a float.

/home/azadoks/miniconda3/envs/structure/lib/python3.6/site-packages/pymatgen/analysis/local_env.py:1002: RuntimeWarning:

divide by zero encountered in double_scalars

/home/azadoks/miniconda3/envs/structure/lib/python3.6/site-packages/pymatgen/core/periodic_table.py:409: UserWarning:

No electronegativity for Ne. Setting to NaN. This has no physical meaning, and is mainly done to avoid errors caused by the code expecting a float.

/home/azadoks/miniconda3/envs/structure/lib/python3.6/site-packages/pymatgen/analysis/local_env.py:1002: RuntimeWarning:

divide by zero encountered in double_scalars

/home/azadoks/miniconda3/envs/structure/lib/python3.6/site-packages/pymatgen/core/periodic_table.py:409: UserWarning:

No electronegativity for Ar. Setting to NaN. This has no physical meaning, and is mainly done to avoid errors caused by the code expecting a float.

Traceback (most recent call last):
  File "fingerprint_icsd.py", line 33, in <module>
    for material in input_collection.find():
  File "/home/azadoks/miniconda3/envs/structure/lib/python3.6/site-packages/pymongo/cursor.py", line 1114, in next
    if len(self.__data) or self._refresh():
  File "/home/azadoks/miniconda3/envs/structure/lib/python3.6/site-packages/pymongo/cursor.py", line 1056, in _refresh
    self.__max_await_time_ms))
  File "/home/azadoks/miniconda3/envs/structure/lib/python3.6/site-packages/pymongo/cursor.py", line 928, in __send_message
    helpers._check_command_response(doc['data'][0])
  File "/home/azadoks/miniconda3/envs/structure/lib/python3.6/site-packages/pymongo/helpers.py", line 207, in _check_command_response
    raise CursorNotFound(errmsg, code, response)
pymongo.errors.CursorNotFound: cursor id 22327564560 not found
/home/azadoks/miniconda3/envs/structure/lib/python3.6/site-packages/pymatgen/io/cif.py:44: UserWarning:

Please install optional dependency pybtex if youwant to extract references from CIF files.

